
start syntax analysis
======= syntax tree ==========
N_PROGRAM (0,0)
| (ID="fun") TYPE:583058a0 KIND:FUNC SPEC=AUTO LEV=0 VAL=0 ADDR=0 
| | TYPE
| | | FUNCTION
| | | | PARAMETER
| | | | | (ID="p") TYPE:58305770 KIND:PARM SPEC=NULL LEV=1 VAL=0 ADDR=0 
| | | | | | TYPE
| | | | | | | POINTER
| | | | | | | | ELEMENT_TYPE
| | | | | | | | | (float)
| | | | | (ID="") TYPE:58305810 KIND:PARM SPEC=NULL LEV=1 VAL=0 ADDR=0 
| | | | | | TYPE
| | | | | | | ARRAY
| | | | | | | | INDEX
| | | | | | | | | (none)
| | | | | | | | ELEMENT_TYPE
| | | | | | | | | POINTER
| | | | | | | | | | ELEMENT_TYPE
| | | | | | | | | | | (int)
| | | | TYPE
| | | | | (int)
| (ID="arr") TYPE:58305970 KIND:VAR SPEC=AUTO LEV=0 VAL=0 ADDR=0 
| | TYPE
| | | ARRAY
| | | | INDEX
| | | | | N_EXP_INT_CONST (0,0)
| | | | | | 10
(none)
| | | | ELEMENT_TYPE
| | | | | POINTER
| | | | | | ELEMENT_TYPE
| | | | | | | FUNCTION
| | | | | | | | PARAMETER
| | | | | | | | | (ID="") TYPE:583059e0 KIND:PARM SPEC=NULL LEV=1 VAL=0 ADDR=0 
| | | | | | | | | | TYPE
| | | | | | | | | | | POINTER
| | | | | | | | | | | | ELEMENT_TYPE
| | | | | | | | | | | | | (int)
| | | | | | | | | (ID="") TYPE:0 KIND:PARM SPEC=NULL LEV=1 VAL=0 ADDR=0 
| | | | | | | | TYPE
| | | | | | | | | (float)
